2025-03-14 10:59:50 EAT LOG:  database system was shut down at 2025-03-14 10:49:02 EAT
2025-03-14 11:04:50 EAT LOG:  checkpoint starting: time
2025-03-14 11:04:50 EAT LOG:  checkpoint complete: wrote 3 buffers (0.0%); 0 WAL file(s) added, 0 removed, 0 recycled; write=0.007 s, sync=0.005 s, total=0.046 s; sync files=2, longest=0.003 s, average=0.003 s; distance=0 kB, estimate=0 kB; lsn=0/15BB0E0, redo lsn=0/15BB088
2025-03-14 11:09:50 EAT LOG:  checkpoint starting: time
2025-03-14 11:11:27 EAT LOG:  could not receive data from client: An existing connection was forcibly closed by the remote host.
	
2025-03-14 11:11:34 EAT LOG:  could not receive data from client: An existing connection was forcibly closed by the remote host.
	
2025-03-14 11:11:35 EAT LOG:  checkpoint complete: wrote 974 buffers (5.9%); 0 WAL file(s) added, 0 removed, 0 recycled; write=105.025 s, sync=0.202 s, total=105.253 s; sync files=307, longest=0.017 s, average=0.001 s; distance=4552 kB, estimate=4552 kB; lsn=0/1A5D1E0, redo lsn=0/1A2D2F8
2025-03-14 11:16:10 EAT LOG:  could not receive data from client: An existing connection was forcibly closed by the remote host.
	
2025-03-14 11:16:23 EAT FATAL:  password authentication failed for user "coop"
2025-03-14 11:16:23 EAT DETAIL:  Role "coop" does not exist.
	Connection matched file "C:/Users/coop/Desktop/Company Management/DataBase/pg_hba.conf" line 117: "host    all             all             ::1/128                 scram-sha-256"
2025-03-14 11:16:31 EAT FATAL:  password authentication failed for user "coop"
2025-03-14 11:16:31 EAT DETAIL:  Role "coop" does not exist.
	Connection matched file "C:/Users/coop/Desktop/Company Management/DataBase/pg_hba.conf" line 117: "host    all             all             ::1/128                 scram-sha-256"
2025-03-14 11:16:51 EAT FATAL:  password authentication failed for user "coop"
2025-03-14 11:16:51 EAT DETAIL:  Role "coop" does not exist.
	Connection matched file "C:/Users/coop/Desktop/Company Management/DataBase/pg_hba.conf" line 117: "host    all             all             ::1/128                 scram-sha-256"
2025-03-14 11:19:50 EAT LOG:  checkpoint starting: time
2025-03-14 11:19:59 EAT LOG:  checkpoint complete: wrote 75 buffers (0.5%); 0 WAL file(s) added, 0 removed, 0 recycled; write=8.070 s, sync=0.060 s, total=8.157 s; sync files=59, longest=0.016 s, average=0.002 s; distance=287 kB, estimate=4126 kB; lsn=0/1A9E3D8, redo lsn=0/1A74F90
2025-03-14 11:24:50 EAT LOG:  checkpoint starting: time
2025-03-14 11:24:57 EAT LOG:  checkpoint complete: wrote 66 buffers (0.4%); 0 WAL file(s) added, 0 removed, 0 recycled; write=7.124 s, sync=0.034 s, total=7.163 s; sync files=48, longest=0.002 s, average=0.001 s; distance=169 kB, estimate=3730 kB; lsn=0/1A9F430, redo lsn=0/1A9F3A0
2025-03-14 11:25:20 EAT LOG:  could not receive data from client: An existing connection was forcibly closed by the remote host.
	
2025-03-14 11:34:50 EAT LOG:  checkpoint starting: time
2025-03-14 11:34:50 EAT LOG:  checkpoint complete: wrote 2 buffers (0.0%); 0 WAL file(s) added, 0 removed, 0 recycled; write=0.216 s, sync=0.002 s, total=0.238 s; sync files=2, longest=0.001 s, average=0.001 s; distance=3 kB, estimate=3357 kB; lsn=0/1AA0310, redo lsn=0/1AA02B8
2025-03-14 11:49:50 EAT LOG:  checkpoint starting: time
2025-03-14 11:49:50 EAT LOG:  checkpoint complete: wrote 4 buffers (0.0%); 0 WAL file(s) added, 0 removed, 0 recycled; write=0.332 s, sync=0.004 s, total=0.349 s; sync files=4, longest=0.002 s, average=0.001 s; distance=0 kB, estimate=3022 kB; lsn=0/1AA0640, redo lsn=0/1AA05E8
2025-03-14 11:54:50 EAT LOG:  checkpoint starting: time
2025-03-14 11:54:51 EAT LOG:  checkpoint complete: wrote 7 buffers (0.0%); 0 WAL file(s) added, 0 removed, 0 recycled; write=0.661 s, sync=0.039 s, total=0.734 s; sync files=7, longest=0.033 s, average=0.006 s; distance=1 kB, estimate=2719 kB; lsn=0/1AA0C10, redo lsn=0/1AA0BB8
2025-03-14 13:07:58 EAT LOG:  checkpoint starting: time
2025-03-14 13:07:58 EAT LOG:  checkpoint complete: wrote 5 buffers (0.0%); 0 WAL file(s) added, 0 removed, 0 recycled; write=0.441 s, sync=0.005 s, total=0.492 s; sync files=5, longest=0.002 s, average=0.001 s; distance=1 kB, estimate=2448 kB; lsn=0/1AA1040, redo lsn=0/1AA0FE8
2025-03-14 13:11:33 EAT ERROR:  duplicate key value violates unique constraint "payroll_rules_company_id_key"
2025-03-14 13:11:33 EAT DETAIL:  Key (company_id)=(1) already exists.
2025-03-14 13:11:33 EAT STATEMENT:  INSERT INTO "payroll_rules" ("id","company_id","daily_rate","overtime_rate","created_at") VALUES (DEFAULT,$1,$2,$3,$4) RETURNING "id","company_id","daily_rate","overtime_rate","created_at";
2025-03-14 13:12:03 EAT ERROR:  duplicate key value violates unique constraint "payroll_rules_company_id_key"
2025-03-14 13:12:03 EAT DETAIL:  Key (company_id)=(1) already exists.
2025-03-14 13:12:03 EAT STATEMENT:  INSERT INTO "payroll_rules" ("id","company_id","daily_rate","overtime_rate","created_at") VALUES (DEFAULT,$1,$2,$3,$4) RETURNING "id","company_id","daily_rate","overtime_rate","created_at";
2025-03-14 13:12:58 EAT LOG:  checkpoint starting: time
2025-03-14 13:12:59 EAT LOG:  checkpoint complete: wrote 5 buffers (0.0%); 0 WAL file(s) added, 0 removed, 0 recycled; write=0.429 s, sync=0.005 s, total=0.440 s; sync files=5, longest=0.001 s, average=0.001 s; distance=1 kB, estimate=2203 kB; lsn=0/1AA1458, redo lsn=0/1AA1400
2025-03-14 13:32:58 EAT LOG:  checkpoint starting: time
2025-03-14 13:32:58 EAT LOG:  checkpoint complete: wrote 5 buffers (0.0%); 0 WAL file(s) added, 0 removed, 0 recycled; write=0.430 s, sync=0.005 s, total=0.470 s; sync files=5, longest=0.002 s, average=0.001 s; distance=1 kB, estimate=1983 kB; lsn=0/1AA18A8, redo lsn=0/1AA1850
2025-03-14 13:35:17 EAT ERROR:  duplicate key value violates unique constraint "payroll_rules_company_id_key"
2025-03-14 13:35:17 EAT DETAIL:  Key (company_id)=(1) already exists.
2025-03-14 13:35:17 EAT STATEMENT:  INSERT INTO "payroll_rules" ("id","company_id","daily_rate","overtime_rate","created_at") VALUES (DEFAULT,$1,$2,$3,$4) RETURNING "id","company_id","daily_rate","overtime_rate","created_at";
2025-03-14 13:37:58 EAT LOG:  checkpoint starting: time
2025-03-14 13:37:59 EAT LOG:  checkpoint complete: wrote 10 buffers (0.1%); 0 WAL file(s) added, 0 removed, 0 recycled; write=0.993 s, sync=0.021 s, total=1.054 s; sync files=10, longest=0.014 s, average=0.003 s; distance=2 kB, estimate=1785 kB; lsn=0/1AA2340, redo lsn=0/1AA22E8
2025-03-14 13:41:17 EAT ERROR:  duplicate key value violates unique constraint "payment_methods_name_key"
2025-03-14 13:41:17 EAT DETAIL:  Key (name)=(Chase) already exists.
2025-03-14 13:41:17 EAT STATEMENT:  INSERT INTO "payment_methods" ("id","name","created_at","created_by") VALUES (DEFAULT,$1,$2,$3) RETURNING "id","name","created_at","created_by";
2025-03-14 13:42:30 EAT ERROR:  duplicate key value violates unique constraint "payment_methods_name_key"
2025-03-14 13:42:30 EAT DETAIL:  Key (name)=(Chase) already exists.
2025-03-14 13:42:30 EAT STATEMENT:  INSERT INTO "payment_methods" ("id","name","created_at","created_by") VALUES (DEFAULT,$1,$2,$3) RETURNING "id","name","created_at","created_by";
2025-03-14 13:42:58 EAT LOG:  checkpoint starting: time
2025-03-14 13:42:59 EAT LOG:  checkpoint complete: wrote 4 buffers (0.0%); 0 WAL file(s) added, 0 removed, 0 recycled; write=0.328 s, sync=0.057 s, total=0.417 s; sync files=4, longest=0.022 s, average=0.015 s; distance=1 kB, estimate=1606 kB; lsn=0/1AA2818, redo lsn=0/1AA27C0
2025-03-14 13:47:58 EAT LOG:  checkpoint starting: time
2025-03-14 13:47:58 EAT LOG:  checkpoint complete: wrote 5 buffers (0.0%); 0 WAL file(s) added, 0 removed, 0 recycled; write=0.432 s, sync=0.016 s, total=0.470 s; sync files=5, longest=0.013 s, average=0.004 s; distance=1 kB, estimate=1446 kB; lsn=0/1AA2C70, redo lsn=0/1AA2C18
2025-03-14 14:30:31 EAT ERROR:  duplicate key value violates unique constraint "payroll_rules_company_id_key"
2025-03-14 14:30:31 EAT DETAIL:  Key (company_id)=(1) already exists.
2025-03-14 14:30:31 EAT STATEMENT:  INSERT INTO payroll_rules (company_id, daily_rate, overtime_rate) VALUES (1, 50.00, 75.00);
2025-03-14 14:32:58 EAT LOG:  checkpoint starting: time
2025-03-14 14:32:59 EAT LOG:  checkpoint complete: wrote 8 buffers (0.0%); 0 WAL file(s) added, 0 removed, 0 recycled; write=0.760 s, sync=0.006 s, total=0.811 s; sync files=8, longest=0.002 s, average=0.001 s; distance=2 kB, estimate=1301 kB; lsn=0/1AA35B8, redo lsn=0/1AA3560
2025-03-14 14:41:38 EAT ERROR:  syntax error at or near "from" at character 30
2025-03-14 14:41:38 EAT STATEMENT:  DELETE from worker_id
	DELETE from labor_management where worker_id = 1
	DELETE from labor_management where worker_id = "2"
	DELETE FROM labor_management where worker_id
	SELECT * FROM work_logs;
2025-03-14 14:44:08 EAT ERROR:  syntax error at or near "*" at character 8
2025-03-14 14:44:08 EAT STATEMENT:  DELETE * FROM work_logs where worker_id = 1
	DELETE * FROM work_logs where worker_id = "1"
	DELETE FROM work_logs WHERE worker_id IN (1, 2);
2025-03-14 14:47:58 EAT LOG:  checkpoint starting: time
2025-03-14 14:47:58 EAT LOG:  checkpoint complete: wrote 2 buffers (0.0%); 0 WAL file(s) added, 0 removed, 0 recycled; write=0.117 s, sync=0.003 s, total=0.129 s; sync files=2, longest=0.002 s, average=0.002 s; distance=0 kB, estimate=1171 kB; lsn=0/1AA3928, redo lsn=0/1AA38D0
2025-03-14 15:15:26 EAT LOG:  could not receive data from client: An existing connection was forcibly closed by the remote host.
	
